Sep 30, 2019 4:45:24 PM lk.ijse.dep.pos.AppInitializer start
SEVERE: null
java.lang.RuntimeException: java.lang.ClassNotFoundException: com.mysql.jdbc.Driver1
	at lk.ijse.dep.pos.db.DBConnection.<init>(DBConnection.java:59)
	at lk.ijse.dep.pos.db.DBConnection.getInstance(DBConnection.java:64)
	at lk.ijse.dep.pos.AppInitializer.start(AppInitializer.java:31)
	at com.sun.javafx.application.LauncherImpl.lambda$launchApplication1$161(LauncherImpl.java:863)
	at com.sun.javafx.application.PlatformImpl.lambda$runAndWait$174(PlatformImpl.java:326)
	at com.sun.javafx.application.PlatformImpl.lambda$null$172(PlatformImpl.java:295)
	at java.security.AccessController.doPrivileged(Native Method)
	at com.sun.javafx.application.PlatformImpl.lambda$runLater$173(PlatformImpl.java:294)
	at com.sun.glass.ui.InvokeLaterDispatcher$Future.run(InvokeLaterDispatcher.java:95)
	at com.sun.glass.ui.gtk.GtkApplication._runLoop(Native Method)
	at com.sun.glass.ui.gtk.GtkApplication.lambda$null$48(GtkApplication.java:139)
	at java.lang.Thread.run(Thread.java:748)
Caused by: java.lang.ClassNotFoundException: com.mysql.jdbc.Driver1
	at java.net.URLClassLoader.findClass(URLClassLoader.java:381)
	at java.lang.ClassLoader.loadClass(ClassLoader.java:424)
	at sun.misc.Launcher$AppClassLoader.loadClass(Launcher.java:349)
	at java.lang.ClassLoader.loadClass(ClassLoader.java:357)
	at java.lang.Class.forName0(Native Method)
	at java.lang.Class.forName(Class.java:264)
	at lk.ijse.dep.pos.db.DBConnection.<init>(DBConnection.java:12)
	... 11 more

Sep 30, 2019 5:13:37 PM lk.ijse.dep.pos.AppInitializer start
SEVERE: null
java.lang.RuntimeException: java.io.FileNotFoundException: resources/application1.properties (No such file or directory)
	at lk.ijse.dep.pos.db.DBConnection.<init>(DBConnection.java:69)
	at lk.ijse.dep.pos.db.DBConnection.getInstance(DBConnection.java:74)
	at lk.ijse.dep.pos.AppInitializer.start(AppInitializer.java:31)
	at com.sun.javafx.application.LauncherImpl.lambda$launchApplication1$161(LauncherImpl.java:863)
	at com.sun.javafx.application.PlatformImpl.lambda$runAndWait$174(PlatformImpl.java:326)
	at com.sun.javafx.application.PlatformImpl.lambda$null$172(PlatformImpl.java:295)
	at java.security.AccessController.doPrivileged(Native Method)
	at com.sun.javafx.application.PlatformImpl.lambda$runLater$173(PlatformImpl.java:294)
	at com.sun.glass.ui.InvokeLaterDispatcher$Future.run(InvokeLaterDispatcher.java:95)
	at com.sun.glass.ui.gtk.GtkApplication._runLoop(Native Method)
	at com.sun.glass.ui.gtk.GtkApplication.lambda$null$48(GtkApplication.java:139)
	at java.lang.Thread.run(Thread.java:748)
Caused by: java.io.FileNotFoundException: resources/application1.properties (No such file or directory)
	at java.io.FileInputStream.open0(Native Method)
	at java.io.FileInputStream.open(FileInputStream.java:195)
	at java.io.FileInputStream.<init>(FileInputStream.java:138)
	at lk.ijse.dep.pos.db.DBConnection.<init>(DBConnection.java:20)
	... 11 more

Sep 30, 2019 5:28:08 PM lk.ijse.dep.pos.AppInitializer start
SEVERE: null
java.lang.RuntimeException: com.mysql.jdbc.exceptions.jdbc4.CommunicationsException: Communications link failure

The last packet sent successfully to the server was 0 milliseconds ago. The driver has not received any packets from the server.
	at lk.ijse.dep.pos.db.DBConnection.<init>(DBConnection.java:88)
	at lk.ijse.dep.pos.db.DBConnection.getInstance(DBConnection.java:93)
	at lk.ijse.dep.pos.AppInitializer.start(AppInitializer.java:31)
	at com.sun.javafx.application.LauncherImpl.lambda$launchApplication1$161(LauncherImpl.java:863)
	at com.sun.javafx.application.PlatformImpl.lambda$runAndWait$174(PlatformImpl.java:326)
	at com.sun.javafx.application.PlatformImpl.lambda$null$172(PlatformImpl.java:295)
	at java.security.AccessController.doPrivileged(Native Method)
	at com.sun.javafx.application.PlatformImpl.lambda$runLater$173(PlatformImpl.java:294)
	at com.sun.glass.ui.InvokeLaterDispatcher$Future.run(InvokeLaterDispatcher.java:95)
	at com.sun.glass.ui.gtk.GtkApplication._runLoop(Native Method)
	at com.sun.glass.ui.gtk.GtkApplication.lambda$null$48(GtkApplication.java:139)
	at java.lang.Thread.run(Thread.java:748)
Caused by: com.mysql.jdbc.exceptions.jdbc4.CommunicationsException: Communications link failure

The last packet sent successfully to the server was 0 milliseconds ago. The driver has not received any packets from the server.
	at sun.reflect.NativeConstructorAccessorImpl.newInstance0(Native Method)
	at sun.reflect.NativeConstructorAccessorImpl.newInstance(NativeConstructorAccessorImpl.java:62)
	at sun.reflect.DelegatingConstructorAccessorImpl.newInstance(DelegatingConstructorAccessorImpl.java:45)
	at java.lang.reflect.Constructor.newInstance(Constructor.java:423)
	at com.mysql.jdbc.Util.handleNewInstance(Util.java:425)
	at com.mysql.jdbc.SQLError.createCommunicationsException(SQLError.java:990)
	at com.mysql.jdbc.MysqlIO.<init>(MysqlIO.java:335)
	at com.mysql.jdbc.ConnectionImpl.coreConnect(ConnectionImpl.java:2187)
	at com.mysql.jdbc.ConnectionImpl.connectOneTryOnly(ConnectionImpl.java:2220)
	at com.mysql.jdbc.ConnectionImpl.createNewIO(ConnectionImpl.java:2015)
	at com.mysql.jdbc.ConnectionImpl.<init>(ConnectionImpl.java:768)
	at com.mysql.jdbc.JDBC4Connection.<init>(JDBC4Connection.java:47)
	at sun.reflect.NativeConstructorAccessorImpl.newInstance0(Native Method)
	at sun.reflect.NativeConstructorAccessorImpl.newInstance(NativeConstructorAccessorImpl.java:62)
	at sun.reflect.DelegatingConstructorAccessorImpl.newInstance(DelegatingConstructorAccessorImpl.java:45)
	at java.lang.reflect.Constructor.newInstance(Constructor.java:423)
	at com.mysql.jdbc.Util.handleNewInstance(Util.java:425)
	at com.mysql.jdbc.ConnectionImpl.getInstance(ConnectionImpl.java:385)
	at com.mysql.jdbc.NonRegisteringDriver.connect(NonRegisteringDriver.java:323)
	at java.sql.DriverManager.getConnection(DriverManager.java:664)
	at java.sql.DriverManager.getConnection(DriverManager.java:247)
	at lk.ijse.dep.pos.db.DBConnection.<init>(DBConnection.java:42)
	... 11 more
Caused by: java.net.UnknownHostException: localhost1: Name or service not known
	at java.net.Inet6AddressImpl.lookupAllHostAddr(Native Method)
	at java.net.InetAddress$2.lookupAllHostAddr(InetAddress.java:928)
	at java.net.InetAddress.getAddressesFromNameService(InetAddress.java:1323)
	at java.net.InetAddress.getAllByName0(InetAddress.java:1276)
	at java.net.InetAddress.getAllByName(InetAddress.java:1192)
	at java.net.InetAddress.getAllByName(InetAddress.java:1126)
	at com.mysql.jdbc.StandardSocketFactory.connect(StandardSocketFactory.java:188)
	at com.mysql.jdbc.MysqlIO.<init>(MysqlIO.java:299)
	... 26 more

Sep 30, 2019 5:28:29 PM lk.ijse.dep.pos.AppInitializer start
SEVERE: null
java.lang.RuntimeException: java.sql.SQLException: Access denied for user 'root'@'localhost' (using password: YES)
	at lk.ijse.dep.pos.db.DBConnection.<init>(DBConnection.java:88)
	at lk.ijse.dep.pos.db.DBConnection.getInstance(DBConnection.java:93)
	at lk.ijse.dep.pos.AppInitializer.start(AppInitializer.java:31)
	at com.sun.javafx.application.LauncherImpl.lambda$launchApplication1$161(LauncherImpl.java:863)
	at com.sun.javafx.application.PlatformImpl.lambda$runAndWait$174(PlatformImpl.java:326)
	at com.sun.javafx.application.PlatformImpl.lambda$null$172(PlatformImpl.java:295)
	at java.security.AccessController.doPrivileged(Native Method)
	at com.sun.javafx.application.PlatformImpl.lambda$runLater$173(PlatformImpl.java:294)
	at com.sun.glass.ui.InvokeLaterDispatcher$Future.run(InvokeLaterDispatcher.java:95)
	at com.sun.glass.ui.gtk.GtkApplication._runLoop(Native Method)
	at com.sun.glass.ui.gtk.GtkApplication.lambda$null$48(GtkApplication.java:139)
	at java.lang.Thread.run(Thread.java:748)
Caused by: java.sql.SQLException: Access denied for user 'root'@'localhost' (using password: YES)
	at com.mysql.jdbc.SQLError.createSQLException(SQLError.java:965)
	at com.mysql.jdbc.MysqlIO.checkErrorPacket(MysqlIO.java:3933)
	at com.mysql.jdbc.MysqlIO.checkErrorPacket(MysqlIO.java:3869)
	at com.mysql.jdbc.MysqlIO.checkErrorPacket(MysqlIO.java:864)
	at com.mysql.jdbc.MysqlIO.proceedHandshakeWithPluggableAuthentication(MysqlIO.java:1707)
	at com.mysql.jdbc.MysqlIO.doHandshake(MysqlIO.java:1217)
	at com.mysql.jdbc.ConnectionImpl.coreConnect(ConnectionImpl.java:2189)
	at com.mysql.jdbc.ConnectionImpl.connectOneTryOnly(ConnectionImpl.java:2220)
	at com.mysql.jdbc.ConnectionImpl.createNewIO(ConnectionImpl.java:2015)
	at com.mysql.jdbc.ConnectionImpl.<init>(ConnectionImpl.java:768)
	at com.mysql.jdbc.JDBC4Connection.<init>(JDBC4Connection.java:47)
	at sun.reflect.NativeConstructorAccessorImpl.newInstance0(Native Method)
	at sun.reflect.NativeConstructorAccessorImpl.newInstance(NativeConstructorAccessorImpl.java:62)
	at sun.reflect.DelegatingConstructorAccessorImpl.newInstance(DelegatingConstructorAccessorImpl.java:45)
	at java.lang.reflect.Constructor.newInstance(Constructor.java:423)
	at com.mysql.jdbc.Util.handleNewInstance(Util.java:425)
	at com.mysql.jdbc.ConnectionImpl.getInstance(ConnectionImpl.java:385)
	at com.mysql.jdbc.NonRegisteringDriver.connect(NonRegisteringDriver.java:323)
	at java.sql.DriverManager.getConnection(DriverManager.java:664)
	at java.sql.DriverManager.getConnection(DriverManager.java:247)
	at lk.ijse.dep.pos.db.DBConnection.<init>(DBConnection.java:42)
	... 11 more

Oct 01, 2019 2:44:18 PM lk.ijse.dep.pos.AppInitializer start
SEVERE: null
java.lang.RuntimeException: java.sql.SQLException: Access denied for user 'MzIxdG9vcg=='@'localhost' (using password: YES)
	at lk.ijse.dep.pos.db.DBConnection.<init>(DBConnection.java:92)
	at lk.ijse.dep.pos.db.DBConnection.getInstance(DBConnection.java:97)
	at lk.ijse.dep.pos.AppInitializer.start(AppInitializer.java:31)
	at com.sun.javafx.application.LauncherImpl.lambda$launchApplication1$161(LauncherImpl.java:863)
	at com.sun.javafx.application.PlatformImpl.lambda$runAndWait$174(PlatformImpl.java:326)
	at com.sun.javafx.application.PlatformImpl.lambda$null$172(PlatformImpl.java:295)
	at java.security.AccessController.doPrivileged(Native Method)
	at com.sun.javafx.application.PlatformImpl.lambda$runLater$173(PlatformImpl.java:294)
	at com.sun.glass.ui.InvokeLaterDispatcher$Future.run(InvokeLaterDispatcher.java:95)
	at com.sun.glass.ui.gtk.GtkApplication._runLoop(Native Method)
	at com.sun.glass.ui.gtk.GtkApplication.lambda$null$48(GtkApplication.java:139)
	at java.lang.Thread.run(Thread.java:748)
Caused by: java.sql.SQLException: Access denied for user 'MzIxdG9vcg=='@'localhost' (using password: YES)
	at com.mysql.jdbc.SQLError.createSQLException(SQLError.java:965)
	at com.mysql.jdbc.MysqlIO.checkErrorPacket(MysqlIO.java:3933)
	at com.mysql.jdbc.MysqlIO.checkErrorPacket(MysqlIO.java:3869)
	at com.mysql.jdbc.MysqlIO.checkErrorPacket(MysqlIO.java:864)
	at com.mysql.jdbc.MysqlIO.proceedHandshakeWithPluggableAuthentication(MysqlIO.java:1707)
	at com.mysql.jdbc.MysqlIO.doHandshake(MysqlIO.java:1217)
	at com.mysql.jdbc.ConnectionImpl.coreConnect(ConnectionImpl.java:2189)
	at com.mysql.jdbc.ConnectionImpl.connectOneTryOnly(ConnectionImpl.java:2220)
	at com.mysql.jdbc.ConnectionImpl.createNewIO(ConnectionImpl.java:2015)
	at com.mysql.jdbc.ConnectionImpl.<init>(ConnectionImpl.java:768)
	at com.mysql.jdbc.JDBC4Connection.<init>(JDBC4Connection.java:47)
	at sun.reflect.NativeConstructorAccessorImpl.newInstance0(Native Method)
	at sun.reflect.NativeConstructorAccessorImpl.newInstance(NativeConstructorAccessorImpl.java:62)
	at sun.reflect.DelegatingConstructorAccessorImpl.newInstance(DelegatingConstructorAccessorImpl.java:45)
	at java.lang.reflect.Constructor.newInstance(Constructor.java:423)
	at com.mysql.jdbc.Util.handleNewInstance(Util.java:425)
	at com.mysql.jdbc.ConnectionImpl.getInstance(ConnectionImpl.java:385)
	at com.mysql.jdbc.NonRegisteringDriver.connect(NonRegisteringDriver.java:323)
	at java.sql.DriverManager.getConnection(DriverManager.java:664)
	at java.sql.DriverManager.getConnection(DriverManager.java:247)
	at lk.ijse.dep.pos.db.DBConnection.<init>(DBConnection.java:46)
	... 11 more

Oct 01, 2019 2:46:43 PM lk.ijse.dep.pos.AppInitializer start
SEVERE: null
java.lang.RuntimeException: java.lang.RuntimeException: Invalid key
	at lk.ijse.dep.pos.db.DBConnection.<init>(DBConnection.java:94)
	at lk.ijse.dep.pos.db.DBConnection.getInstance(DBConnection.java:99)
	at lk.ijse.dep.pos.AppInitializer.start(AppInitializer.java:31)
	at com.sun.javafx.application.LauncherImpl.lambda$launchApplication1$161(LauncherImpl.java:863)
	at com.sun.javafx.application.PlatformImpl.lambda$runAndWait$174(PlatformImpl.java:326)
	at com.sun.javafx.application.PlatformImpl.lambda$null$172(PlatformImpl.java:295)
	at java.security.AccessController.doPrivileged(Native Method)
	at com.sun.javafx.application.PlatformImpl.lambda$runLater$173(PlatformImpl.java:294)
	at com.sun.glass.ui.InvokeLaterDispatcher$Future.run(InvokeLaterDispatcher.java:95)
	at com.sun.glass.ui.gtk.GtkApplication._runLoop(Native Method)
	at com.sun.glass.ui.gtk.GtkApplication.lambda$null$48(GtkApplication.java:139)
	at java.lang.Thread.run(Thread.java:748)
Caused by: java.lang.RuntimeException: Invalid key
	at lk.ijse.dep.crypto.DEPCrypt.decode(DEPCrypt.java:21)
	at lk.ijse.dep.pos.db.DBConnection.<init>(DBConnection.java:32)
	... 11 more

Nov 27, 2019 9:49:18 PM lk.ijse.dep.pos.AppInitializer start
SEVERE: null
java.lang.RuntimeException: java.sql.SQLException: Access denied for user 'root'@'localhost' (using password: YES)
	at lk.ijse.dep.pos.db.DBConnection.<init>(DBConnection.java:80)
	at lk.ijse.dep.pos.db.DBConnection.getInstance(DBConnection.java:85)
	at lk.ijse.dep.pos.AppInitializer.start(AppInitializer.java:38)
	at com.sun.javafx.application.LauncherImpl.lambda$launchApplication1$8(LauncherImpl.java:863)
	at com.sun.javafx.application.PlatformImpl.lambda$runAndWait$7(PlatformImpl.java:326)
	at com.sun.javafx.application.PlatformImpl.lambda$null$5(PlatformImpl.java:295)
	at java.security.AccessController.doPrivileged(Native Method)
	at com.sun.javafx.application.PlatformImpl.lambda$runLater$6(PlatformImpl.java:294)
	at com.sun.glass.ui.InvokeLaterDispatcher$Future.run(InvokeLaterDispatcher.java:95)
	at com.sun.glass.ui.gtk.GtkApplication._runLoop(Native Method)
	at com.sun.glass.ui.gtk.GtkApplication.lambda$null$10(GtkApplication.java:245)
	at java.lang.Thread.run(Thread.java:748)
Caused by: java.sql.SQLException: Access denied for user 'root'@'localhost' (using password: YES)
	at com.mysql.jdbc.SQLError.createSQLException(SQLError.java:965)
	at com.mysql.jdbc.MysqlIO.checkErrorPacket(MysqlIO.java:3933)
	at com.mysql.jdbc.MysqlIO.checkErrorPacket(MysqlIO.java:3869)
	at com.mysql.jdbc.MysqlIO.checkErrorPacket(MysqlIO.java:864)
	at com.mysql.jdbc.MysqlIO.proceedHandshakeWithPluggableAuthentication(MysqlIO.java:1707)
	at com.mysql.jdbc.MysqlIO.doHandshake(MysqlIO.java:1217)
	at com.mysql.jdbc.ConnectionImpl.coreConnect(ConnectionImpl.java:2189)
	at com.mysql.jdbc.ConnectionImpl.connectOneTryOnly(ConnectionImpl.java:2220)
	at com.mysql.jdbc.ConnectionImpl.createNewIO(ConnectionImpl.java:2015)
	at com.mysql.jdbc.ConnectionImpl.<init>(ConnectionImpl.java:768)
	at com.mysql.jdbc.JDBC4Connection.<init>(JDBC4Connection.java:47)
	at sun.reflect.NativeConstructorAccessorImpl.newInstance0(Native Method)
	at sun.reflect.NativeConstructorAccessorImpl.newInstance(NativeConstructorAccessorImpl.java:62)
	at sun.reflect.DelegatingConstructorAccessorImpl.newInstance(DelegatingConstructorAccessorImpl.java:45)
	at java.lang.reflect.Constructor.newInstance(Constructor.java:423)
	at com.mysql.jdbc.Util.handleNewInstance(Util.java:425)
	at com.mysql.jdbc.ConnectionImpl.getInstance(ConnectionImpl.java:385)
	at com.mysql.jdbc.NonRegisteringDriver.connect(NonRegisteringDriver.java:323)
	at java.sql.DriverManager.getConnection(DriverManager.java:664)
	at java.sql.DriverManager.getConnection(DriverManager.java:247)
	at lk.ijse.dep.pos.db.DBConnection.<init>(DBConnection.java:61)
	... 11 more

Nov 27, 2019 9:50:31 PM org.springframework.beans.factory.xml.XmlBeanDefinitionReader loadBeanDefinitions
INFO: Loading XML bean definitions from URL [jar:file:/home/leelk/Desktop/My%20Pos/layered-pos/lib/jasper-reports/jasperreports-chart-themes-6.9.0.jar!/net/sf/jasperreports/chartthemes/spring/beans/chartThemesBeans.xml]
Nov 27, 2019 9:50:31 PM org.springframework.beans.factory.xml.XmlBeanDefinitionReader loadBeanDefinitions
INFO: Loading XML bean definitions from URL [jar:file:/home/leelk/Desktop/My%20Pos/layered-pos/lib/jasper-reports/jasperreports-chart-themes-6.9.0.jar!/net/sf/jasperreports/chartthemes/spring/beans/chartConstantsBean.xml]
Nov 27, 2019 9:50:31 PM org.springframework.beans.factory.xml.XmlBeanDefinitionReader loadBeanDefinitions
INFO: Loading XML bean definitions from URL [jar:file:/home/leelk/Desktop/My%20Pos/layered-pos/lib/jasper-reports/jasperreports-chart-themes-6.9.0.jar!/net/sf/jasperreports/chartthemes/spring/beans/defaultChartPropertiesBean.xml]
Nov 27, 2019 9:50:32 PM org.springframework.beans.factory.xml.XmlBeanDefinitionReader loadBeanDefinitions
INFO: Loading XML bean definitions from URL [jar:file:/home/leelk/Desktop/My%20Pos/layered-pos/lib/jasper-reports/jasperreports-chart-themes-6.9.0.jar!/net/sf/jasperreports/chartthemes/spring/beans/eyeCandySixtiesChartPropertiesBean.xml]
Nov 27, 2019 9:50:32 PM org.springframework.beans.factory.xml.XmlBeanDefinitionReader loadBeanDefinitions
INFO: Loading XML bean definitions from URL [jar:file:/home/leelk/Desktop/My%20Pos/layered-pos/lib/jasper-reports/jasperreports-chart-themes-6.9.0.jar!/net/sf/jasperreports/chartthemes/spring/beans/aegeanChartPropertiesBean.xml]
Nov 27, 2019 9:50:32 PM net.sf.jasperreports.extensions.DefaultExtensionsRegistry loadRegistries
WARNING: Extension resource jar:file:/home/leelk/Desktop/My%20Pos/layered-pos/lib/jasper-reports/jasperreports-javaflow-6.9.0.jar!/jasperreports_extension.properties was found to be a duplicate of jar:file:/home/leelk/Desktop/My%20Pos/layered-pos/lib/jasper-reports/jasperreports-6.9.0.jar!/jasperreports_extension.properties in classloader sun.misc.Launcher$AppClassLoader@18b4aac2
Nov 27, 2019 9:50:32 PM lk.ijse.dep.pos.controller.PlaceOrderFormController btnPlaceOrder_OnAction
SEVERE: null
net.sf.jasperreports.engine.JRException: Byte data not found at: images/orders.png.
	at net.sf.jasperreports.repo.RepositoryUtil.getBytesFromLocation(RepositoryUtil.java:215)
	at net.sf.jasperreports.renderers.util.RendererUtil.getNonLazyRenderable(RendererUtil.java:179)
	at net.sf.jasperreports.engine.fill.JRFillImage.evaluateImage(JRFillImage.java:515)
	at net.sf.jasperreports.engine.fill.JRFillImage.evaluate(JRFillImage.java:440)
	at net.sf.jasperreports.engine.fill.JRFillElementContainer.evaluate(JRFillElementContainer.java:383)
	at net.sf.jasperreports.engine.fill.JRFillBand.evaluate(JRFillBand.java:548)
	at net.sf.jasperreports.engine.fill.JRVerticalFiller.fillTitle(JRVerticalFiller.java:323)
	at net.sf.jasperreports.engine.fill.JRVerticalFiller.fillReportStart(JRVerticalFiller.java:256)
	at net.sf.jasperreports.engine.fill.JRVerticalFiller.fillReport(JRVerticalFiller.java:110)
	at net.sf.jasperreports.engine.fill.JRBaseFiller.fill(JRBaseFiller.java:615)
	at net.sf.jasperreports.engine.fill.BaseReportFiller.fill(BaseReportFiller.java:414)
	at net.sf.jasperreports.engine.fill.JRFiller.fill(JRFiller.java:120)
	at net.sf.jasperreports.engine.fill.JRFiller.fill(JRFiller.java:103)
	at net.sf.jasperreports.engine.JasperFillManager.fill(JasperFillManager.java:530)
	at net.sf.jasperreports.engine.JasperFillManager.fillReport(JasperFillManager.java:954)
	at lk.ijse.dep.pos.controller.PlaceOrderFormController.btnPlaceOrder_OnAction(PlaceOrderFormController.java:347)
	at sun.reflect.NativeMethodAccessorImpl.invoke0(Native Method)
	at sun.reflect.NativeMethodAccessorImpl.invoke(NativeMethodAccessorImpl.java:62)
	at sun.reflect.DelegatingMethodAccessorImpl.invoke(DelegatingMethodAccessorImpl.java:43)
	at java.lang.reflect.Method.invoke(Method.java:498)
	at sun.reflect.misc.Trampoline.invoke(MethodUtil.java:71)
	at sun.reflect.GeneratedMethodAccessor1.invoke(Unknown Source)
	at sun.reflect.DelegatingMethodAccessorImpl.invoke(DelegatingMethodAccessorImpl.java:43)
	at java.lang.reflect.Method.invoke(Method.java:498)
	at sun.reflect.misc.MethodUtil.invoke(MethodUtil.java:275)
	at javafx.fxml.FXMLLoader$MethodHandler.invoke(FXMLLoader.java:1769)
	at javafx.fxml.FXMLLoader$ControllerMethodEventHandler.handle(FXMLLoader.java:1657)
	at com.sun.javafx.event.CompositeEventHandler.dispatchBubblingEvent(CompositeEventHandler.java:86)
	at com.sun.javafx.event.EventHandlerManager.dispatchBubblingEvent(EventHandlerManager.java:238)
	at com.sun.javafx.event.EventHandlerManager.dispatchBubblingEvent(EventHandlerManager.java:191)
	at com.sun.javafx.event.CompositeEventDispatcher.dispatchBubblingEvent(CompositeEventDispatcher.java:59)
	at com.sun.javafx.event.BasicEventDispatcher.dispatchEvent(BasicEventDispatcher.java:58)
	at com.sun.javafx.event.EventDispatchChainImpl.dispatchEvent(EventDispatchChainImpl.java:114)
	at com.sun.javafx.event.BasicEventDispatcher.dispatchEvent(BasicEventDispatcher.java:56)
	at com.sun.javafx.event.EventDispatchChainImpl.dispatchEvent(EventDispatchChainImpl.java:114)
	at com.sun.javafx.event.BasicEventDispatcher.dispatchEvent(BasicEventDispatcher.java:56)
	at com.sun.javafx.event.EventDispatchChainImpl.dispatchEvent(EventDispatchChainImpl.java:114)
	at com.sun.javafx.event.EventUtil.fireEventImpl(EventUtil.java:74)
	at com.sun.javafx.event.EventUtil.fireEvent(EventUtil.java:49)
	at javafx.event.Event.fireEvent(Event.java:198)
	at javafx.scene.Node.fireEvent(Node.java:8411)
	at javafx.scene.control.Button.fire(Button.java:185)
	at com.sun.javafx.scene.control.behavior.ButtonBehavior.mouseReleased(ButtonBehavior.java:182)
	at com.sun.javafx.scene.control.skin.BehaviorSkinBase$1.handle(BehaviorSkinBase.java:96)
	at com.sun.javafx.scene.control.skin.BehaviorSkinBase$1.handle(BehaviorSkinBase.java:89)
	at com.sun.javafx.event.CompositeEventHandler$NormalEventHandlerRecord.handleBubblingEvent(CompositeEventHandler.java:218)
	at com.sun.javafx.event.CompositeEventHandler.dispatchBubblingEvent(CompositeEventHandler.java:80)
	at com.sun.javafx.event.EventHandlerManager.dispatchBubblingEvent(EventHandlerManager.java:238)
	at com.sun.javafx.event.EventHandlerManager.dispatchBubblingEvent(EventHandlerManager.java:191)
	at com.sun.javafx.event.CompositeEventDispatcher.dispatchBubblingEvent(CompositeEventDispatcher.java:59)
	at com.sun.javafx.event.BasicEventDispatcher.dispatchEvent(BasicEventDispatcher.java:58)
	at com.sun.javafx.event.EventDispatchChainImpl.dispatchEvent(EventDispatchChainImpl.java:114)
	at com.sun.javafx.event.BasicEventDispatcher.dispatchEvent(BasicEventDispatcher.java:56)
	at com.sun.javafx.event.EventDispatchChainImpl.dispatchEvent(EventDispatchChainImpl.java:114)
	at com.sun.javafx.event.BasicEventDispatcher.dispatchEvent(BasicEventDispatcher.java:56)
	at com.sun.javafx.event.EventDispatchChainImpl.dispatchEvent(EventDispatchChainImpl.java:114)
	at com.sun.javafx.event.EventUtil.fireEventImpl(EventUtil.java:74)
	at com.sun.javafx.event.EventUtil.fireEvent(EventUtil.java:54)
	at javafx.event.Event.fireEvent(Event.java:198)
	at javafx.scene.Scene$MouseHandler.process(Scene.java:3757)
	at javafx.scene.Scene$MouseHandler.access$1500(Scene.java:3485)
	at javafx.scene.Scene.impl_processMouseEvent(Scene.java:1762)
	at javafx.scene.Scene$ScenePeerListener.mouseEvent(Scene.java:2494)
	at com.sun.javafx.tk.quantum.GlassViewEventHandler$MouseEventNotification.run(GlassViewEventHandler.java:394)
	at com.sun.javafx.tk.quantum.GlassViewEventHandler$MouseEventNotification.run(GlassViewEventHandler.java:295)
	at java.security.AccessController.doPrivileged(Native Method)
	at com.sun.javafx.tk.quantum.GlassViewEventHandler.lambda$handleMouseEvent$2(GlassViewEventHandler.java:432)
	at com.sun.javafx.tk.quantum.QuantumToolkit.runWithoutRenderLock(QuantumToolkit.java:410)
	at com.sun.javafx.tk.quantum.GlassViewEventHandler.handleMouseEvent(GlassViewEventHandler.java:431)
	at com.sun.glass.ui.View.handleMouseEvent(View.java:555)
	at com.sun.glass.ui.View.notifyMouse(View.java:937)
	at com.sun.glass.ui.gtk.GtkApplication._runLoop(Native Method)
	at com.sun.glass.ui.gtk.GtkApplication.lambda$null$10(GtkApplication.java:245)
	at java.lang.Thread.run(Thread.java:748)

Nov 27, 2019 9:59:09 PM com.sun.javafx.css.StyleManager loadStylesheetUnPrivileged
INFO: Could not find stylesheet: file:/home/leelk/Desktop/My%20Pos/layered-pos/out/production/layered-pos/lk/ijse/dep/pos/view/style/mainform.css
Nov 27, 2019 9:59:13 PM com.sun.javafx.css.StyleManager loadStylesheetUnPrivileged
INFO: Could not find stylesheet: file:/home/leelk/Desktop/My%20Pos/layered-pos/out/production/layered-pos/lk/ijse/dep/pos/view/style/managecustomerform.css
Nov 27, 2019 9:59:47 PM com.sun.javafx.css.StyleManager loadStylesheetUnPrivileged
INFO: Could not find stylesheet: file:/home/leelk/Desktop/My%20Pos/layered-pos/out/production/layered-pos/lk/ijse/dep/pos/view/style/mainform.css
Nov 27, 2019 9:59:49 PM com.sun.javafx.css.StyleManager loadStylesheetUnPrivileged
INFO: Could not find stylesheet: file:/home/leelk/Desktop/My%20Pos/layered-pos/out/production/layered-pos/lk/ijse/dep/pos/view/style/managecustomerform.css
Nov 27, 2019 9:59:51 PM com.sun.javafx.css.StyleManager loadStylesheetUnPrivileged
INFO: Could not find stylesheet: file:/home/leelk/Desktop/My%20Pos/layered-pos/out/production/layered-pos/lk/ijse/dep/pos/view/style/mainform.css
Nov 27, 2019 9:59:53 PM com.sun.javafx.css.StyleManager loadStylesheetUnPrivileged
INFO: Could not find stylesheet: file:/home/leelk/Desktop/My%20Pos/layered-pos/out/production/layered-pos/lk/ijse/dep/pos/view/style/manageitemform.css
Nov 27, 2019 9:59:55 PM com.sun.javafx.css.StyleManager loadStylesheetUnPrivileged
INFO: Could not find stylesheet: file:/home/leelk/Desktop/My%20Pos/layered-pos/out/production/layered-pos/lk/ijse/dep/pos/view/style/mainform.css
Nov 28, 2019 5:22:57 AM com.sun.javafx.css.StyleManager loadStylesheetUnPrivileged
INFO: Could not find stylesheet: file:/home/leelk/Desktop/My%20Pos/layered-pos/out/production/layered-pos/lk/ijse/dep/pos/view/style/mainform.css
Nov 28, 2019 5:26:03 AM com.sun.javafx.css.StyleManager loadStylesheetUnPrivileged
INFO: Could not find stylesheet: file:/home/leelk/Desktop/My%20Pos/layered-pos/out/production/layered-pos/lk/ijse/dep/pos/view/style/mainform.css
Nov 28, 2019 5:30:21 AM com.sun.javafx.css.StyleManager loadStylesheetUnPrivileged
INFO: Could not find stylesheet: file:/home/leelk/Desktop/My%20Pos/layered-pos/out/production/layered-pos/lk/ijse/dep/pos/view/style/mainform.css
Nov 28, 2019 5:30:47 AM com.sun.javafx.css.StyleManager loadStylesheetUnPrivileged
INFO: Could not find stylesheet: file:/home/leelk/Desktop/My%20Pos/layered-pos/out/production/layered-pos/lk/ijse/dep/pos/view/style/mainform.css
Nov 28, 2019 5:31:20 AM com.sun.javafx.css.StyleManager loadStylesheetUnPrivileged
INFO: Could not find stylesheet: file:/home/leelk/Desktop/My%20Pos/layered-pos/out/production/layered-pos/lk/ijse/dep/pos/view/style/mainform.css
Nov 28, 2019 5:32:26 AM com.sun.javafx.css.StyleManager loadStylesheetUnPrivileged
INFO: Could not find stylesheet: file:/home/leelk/Desktop/My%20Pos/layered-pos/out/production/layered-pos/lk/ijse/dep/pos/view/style/mainform.css
Nov 28, 2019 5:32:30 AM com.sun.javafx.css.StyleManager loadStylesheetUnPrivileged
INFO: Could not find stylesheet: file:/home/leelk/Desktop/My%20Pos/layered-pos/out/production/layered-pos/lk/ijse/dep/pos/view/style/manageitemform.css
Nov 28, 2019 5:32:43 AM com.sun.javafx.css.StyleManager loadStylesheetUnPrivileged
INFO: Could not find stylesheet: file:/home/leelk/Desktop/My%20Pos/layered-pos/out/production/layered-pos/lk/ijse/dep/pos/view/style/mainform.css
Nov 28, 2019 5:39:05 AM com.sun.javafx.css.StyleManager loadStylesheetUnPrivileged
INFO: Could not find stylesheet: file:/home/leelk/Desktop/My%20Pos/layered-pos/out/production/layered-pos/lk/ijse/dep/pos/view/style/mainform.css
Nov 28, 2019 5:39:09 AM com.sun.javafx.css.StyleManager loadStylesheetUnPrivileged
INFO: Could not find stylesheet: file:/home/leelk/Desktop/My%20Pos/layered-pos/out/production/layered-pos/lk/ijse/dep/pos/view/style/managecustomerform.css
Nov 28, 2019 5:39:37 AM com.sun.javafx.css.StyleManager loadStylesheetUnPrivileged
INFO: Could not find stylesheet: file:/home/leelk/Desktop/My%20Pos/layered-pos/out/production/layered-pos/lk/ijse/dep/pos/view/style/mainform.css
Nov 28, 2019 5:39:39 AM com.sun.javafx.css.StyleManager loadStylesheetUnPrivileged
INFO: Could not find stylesheet: file:/home/leelk/Desktop/My%20Pos/layered-pos/out/production/layered-pos/lk/ijse/dep/pos/view/style/manageitemform.css
Nov 28, 2019 5:40:04 AM lk.ijse.dep.pos.controller.ManageItemFormController btnSave_OnAction
SEVERE: null
com.mysql.jdbc.exceptions.jdbc4.MySQLIntegrityConstraintViolationException: Duplicate entry 'I004' for key 'PRIMARY'
	at sun.reflect.NativeConstructorAccessorImpl.newInstance0(Native Method)
	at sun.reflect.NativeConstructorAccessorImpl.newInstance(NativeConstructorAccessorImpl.java:62)
	at sun.reflect.DelegatingConstructorAccessorImpl.newInstance(DelegatingConstructorAccessorImpl.java:45)
	at java.lang.reflect.Constructor.newInstance(Constructor.java:423)
	at com.mysql.jdbc.Util.handleNewInstance(Util.java:425)
	at com.mysql.jdbc.Util.getInstance(Util.java:408)
	at com.mysql.jdbc.SQLError.createSQLException(SQLError.java:936)
	at com.mysql.jdbc.MysqlIO.checkErrorPacket(MysqlIO.java:3933)
	at com.mysql.jdbc.MysqlIO.checkErrorPacket(MysqlIO.java:3869)
	at com.mysql.jdbc.MysqlIO.sendCommand(MysqlIO.java:2524)
	at com.mysql.jdbc.MysqlIO.sqlQueryDirect(MysqlIO.java:2675)
	at com.mysql.jdbc.ConnectionImpl.execSQL(ConnectionImpl.java:2465)
	at com.mysql.jdbc.PreparedStatement.executeInternal(PreparedStatement.java:1912)
	at com.mysql.jdbc.PreparedStatement.executeUpdateInternal(PreparedStatement.java:2133)
	at com.mysql.jdbc.PreparedStatement.executeUpdateInternal(PreparedStatement.java:2067)
	at com.mysql.jdbc.PreparedStatement.executeLargeUpdate(PreparedStatement.java:5175)
	at com.mysql.jdbc.PreparedStatement.executeUpdate(PreparedStatement.java:2052)
	at lk.ijse.dep.pos.dao.CrudUtil.execute(CrudUtil.java:19)
	at lk.ijse.dep.pos.dao.custom.impl.ItemDAOImpl.save(ItemDAOImpl.java:50)
	at lk.ijse.dep.pos.dao.custom.impl.ItemDAOImpl.save(ItemDAOImpl.java:11)
	at lk.ijse.dep.pos.business.custom.impl.ItemBOImpl.updateItem(ItemBOImpl.java:28)
	at lk.ijse.dep.pos.controller.ManageItemFormController.btnSave_OnAction(ManageItemFormController.java:149)
	at sun.reflect.NativeMethodAccessorImpl.invoke0(Native Method)
	at sun.reflect.NativeMethodAccessorImpl.invoke(NativeMethodAccessorImpl.java:62)
	at sun.reflect.DelegatingMethodAccessorImpl.invoke(DelegatingMethodAccessorImpl.java:43)
	at java.lang.reflect.Method.invoke(Method.java:498)
	at sun.reflect.misc.Trampoline.invoke(MethodUtil.java:71)
	at sun.reflect.GeneratedMethodAccessor1.invoke(Unknown Source)
	at sun.reflect.DelegatingMethodAccessorImpl.invoke(DelegatingMethodAccessorImpl.java:43)
	at java.lang.reflect.Method.invoke(Method.java:498)
	at sun.reflect.misc.MethodUtil.invoke(MethodUtil.java:275)
	at javafx.fxml.FXMLLoader$MethodHandler.invoke(FXMLLoader.java:1769)
	at javafx.fxml.FXMLLoader$ControllerMethodEventHandler.handle(FXMLLoader.java:1657)
	at com.sun.javafx.event.CompositeEventHandler.dispatchBubblingEvent(CompositeEventHandler.java:86)
	at com.sun.javafx.event.EventHandlerManager.dispatchBubblingEvent(EventHandlerManager.java:238)
	at com.sun.javafx.event.EventHandlerManager.dispatchBubblingEvent(EventHandlerManager.java:191)
	at com.sun.javafx.event.CompositeEventDispatcher.dispatchBubblingEvent(CompositeEventDispatcher.java:59)
	at com.sun.javafx.event.BasicEventDispatcher.dispatchEvent(BasicEventDispatcher.java:58)
	at com.sun.javafx.event.EventDispatchChainImpl.dispatchEvent(EventDispatchChainImpl.java:114)
	at com.sun.javafx.event.BasicEventDispatcher.dispatchEvent(BasicEventDispatcher.java:56)
	at com.sun.javafx.event.EventDispatchChainImpl.dispatchEvent(EventDispatchChainImpl.java:114)
	at com.sun.javafx.event.BasicEventDispatcher.dispatchEvent(BasicEventDispatcher.java:56)
	at com.sun.javafx.event.EventDispatchChainImpl.dispatchEvent(EventDispatchChainImpl.java:114)
	at com.sun.javafx.event.EventUtil.fireEventImpl(EventUtil.java:74)
	at com.sun.javafx.event.EventUtil.fireEvent(EventUtil.java:49)
	at javafx.event.Event.fireEvent(Event.java:198)
	at javafx.scene.Node.fireEvent(Node.java:8411)
	at javafx.scene.control.Button.fire(Button.java:185)
	at com.sun.javafx.scene.control.behavior.ButtonBehavior.mouseReleased(ButtonBehavior.java:182)
	at com.sun.javafx.scene.control.skin.BehaviorSkinBase$1.handle(BehaviorSkinBase.java:96)
	at com.sun.javafx.scene.control.skin.BehaviorSkinBase$1.handle(BehaviorSkinBase.java:89)
	at com.sun.javafx.event.CompositeEventHandler$NormalEventHandlerRecord.handleBubblingEvent(CompositeEventHandler.java:218)
	at com.sun.javafx.event.CompositeEventHandler.dispatchBubblingEvent(CompositeEventHandler.java:80)
	at com.sun.javafx.event.EventHandlerManager.dispatchBubblingEvent(EventHandlerManager.java:238)
	at com.sun.javafx.event.EventHandlerManager.dispatchBubblingEvent(EventHandlerManager.java:191)
	at com.sun.javafx.event.CompositeEventDispatcher.dispatchBubblingEvent(CompositeEventDispatcher.java:59)
	at com.sun.javafx.event.BasicEventDispatcher.dispatchEvent(BasicEventDispatcher.java:58)
	at com.sun.javafx.event.EventDispatchChainImpl.dispatchEvent(EventDispatchChainImpl.java:114)
	at com.sun.javafx.event.BasicEventDispatcher.dispatchEvent(BasicEventDispatcher.java:56)
	at com.sun.javafx.event.EventDispatchChainImpl.dispatchEvent(EventDispatchChainImpl.java:114)
	at com.sun.javafx.event.BasicEventDispatcher.dispatchEvent(BasicEventDispatcher.java:56)
	at com.sun.javafx.event.EventDispatchChainImpl.dispatchEvent(EventDispatchChainImpl.java:114)
	at com.sun.javafx.event.EventUtil.fireEventImpl(EventUtil.java:74)
	at com.sun.javafx.event.EventUtil.fireEvent(EventUtil.java:54)
	at javafx.event.Event.fireEvent(Event.java:198)
	at javafx.scene.Scene$MouseHandler.process(Scene.java:3757)
	at javafx.scene.Scene$MouseHandler.access$1500(Scene.java:3485)
	at javafx.scene.Scene.impl_processMouseEvent(Scene.java:1762)
	at javafx.scene.Scene$ScenePeerListener.mouseEvent(Scene.java:2494)
	at com.sun.javafx.tk.quantum.GlassViewEventHandler$MouseEventNotification.run(GlassViewEventHandler.java:394)
	at com.sun.javafx.tk.quantum.GlassViewEventHandler$MouseEventNotification.run(GlassViewEventHandler.java:295)
	at java.security.AccessController.doPrivileged(Native Method)
	at com.sun.javafx.tk.quantum.GlassViewEventHandler.lambda$handleMouseEvent$2(GlassViewEventHandler.java:432)
	at com.sun.javafx.tk.quantum.QuantumToolkit.runWithoutRenderLock(QuantumToolkit.java:410)
	at com.sun.javafx.tk.quantum.GlassViewEventHandler.handleMouseEvent(GlassViewEventHandler.java:431)
	at com.sun.glass.ui.View.handleMouseEvent(View.java:555)
	at com.sun.glass.ui.View.notifyMouse(View.java:937)
	at com.sun.glass.ui.gtk.GtkApplication._runLoop(Native Method)
	at com.sun.glass.ui.gtk.GtkApplication.lambda$null$10(GtkApplication.java:245)
	at java.lang.Thread.run(Thread.java:748)

Nov 28, 2019 5:41:33 AM com.sun.javafx.css.StyleManager loadStylesheetUnPrivileged
INFO: Could not find stylesheet: file:/home/leelk/Desktop/My%20Pos/layered-pos/out/production/layered-pos/lk/ijse/dep/pos/view/style/mainform.css
Nov 28, 2019 5:41:34 AM com.sun.javafx.css.StyleManager loadStylesheetUnPrivileged
INFO: Could not find stylesheet: file:/home/leelk/Desktop/My%20Pos/layered-pos/out/production/layered-pos/lk/ijse/dep/pos/view/style/manageitemform.css
Nov 28, 2019 5:42:11 AM com.sun.javafx.css.StyleManager loadStylesheetUnPrivileged
INFO: Could not find stylesheet: file:/home/leelk/Desktop/My%20Pos/layered-pos/out/production/layered-pos/lk/ijse/dep/pos/view/style/mainform.css
Nov 28, 2019 5:42:13 AM com.sun.javafx.css.StyleManager loadStylesheetUnPrivileged
INFO: Could not find stylesheet: file:/home/leelk/Desktop/My%20Pos/layered-pos/out/production/layered-pos/lk/ijse/dep/pos/view/style/manageitemform.css
Nov 28, 2019 5:42:16 AM com.sun.javafx.css.StyleManager loadStylesheetUnPrivileged
INFO: Could not find stylesheet: file:/home/leelk/Desktop/My%20Pos/layered-pos/out/production/layered-pos/lk/ijse/dep/pos/view/style/mainform.css
Nov 28, 2019 5:46:45 AM com.sun.javafx.css.StyleManager loadStylesheetUnPrivileged
INFO: Could not find stylesheet: file:/home/leelk/Desktop/My%20Pos/layered-pos/out/production/layered-pos/lk/ijse/dep/pos/view/style/mainform.css
Nov 28, 2019 5:46:53 AM com.sun.javafx.css.StyleManager loadStylesheetUnPrivileged
INFO: Could not find stylesheet: file:/home/leelk/Desktop/My%20Pos/layered-pos/out/production/layered-pos/lk/ijse/dep/pos/view/style/mainform.css
Nov 28, 2019 5:48:05 AM com.sun.javafx.css.StyleManager loadStylesheetUnPrivileged
INFO: Could not find stylesheet: file:/home/leelk/Desktop/My%20Pos/layered-pos/out/production/layered-pos/lk/ijse/dep/pos/view/style/mainform.css
Nov 28, 2019 5:48:48 AM com.sun.javafx.css.StyleManager loadStylesheetUnPrivileged
INFO: Could not find stylesheet: file:/home/leelk/Desktop/My%20Pos/layered-pos/out/production/layered-pos/lk/ijse/dep/pos/view/style/mainform.css
Nov 28, 2019 5:49:59 AM com.sun.javafx.css.StyleManager loadStylesheetUnPrivileged
INFO: Could not find stylesheet: file:/home/leelk/Desktop/My%20Pos/layered-pos/out/production/layered-pos/lk/ijse/dep/pos/view/style/mainform.css
Nov 28, 2019 5:50:50 AM com.sun.javafx.css.StyleManager loadStylesheetUnPrivileged
INFO: Could not find stylesheet: file:/home/leelk/Desktop/My%20Pos/layered-pos/out/production/layered-pos/lk/ijse/dep/pos/view/style/mainform.css
Nov 28, 2019 5:50:56 AM com.sun.javafx.css.StyleManager loadStylesheetUnPrivileged
INFO: Could not find stylesheet: file:/home/leelk/Desktop/My%20Pos/layered-pos/out/production/layered-pos/lk/ijse/dep/pos/view/style/manageitemform.css
Nov 28, 2019 5:50:57 AM com.sun.javafx.css.StyleManager loadStylesheetUnPrivileged
INFO: Could not find stylesheet: file:/home/leelk/Desktop/My%20Pos/layered-pos/out/production/layered-pos/lk/ijse/dep/pos/view/style/mainform.css
Nov 28, 2019 5:51:01 AM com.sun.javafx.css.StyleManager loadStylesheetUnPrivileged
INFO: Could not find stylesheet: file:/home/leelk/Desktop/My%20Pos/layered-pos/out/production/layered-pos/lk/ijse/dep/pos/view/style/mainform.css
Nov 28, 2019 5:51:04 AM com.sun.javafx.css.StyleManager loadStylesheetUnPrivileged
INFO: Could not find stylesheet: file:/home/leelk/Desktop/My%20Pos/layered-pos/out/production/layered-pos/lk/ijse/dep/pos/view/style/managecustomerform.css
Nov 28, 2019 5:52:40 AM com.sun.javafx.css.StyleManager loadStylesheetUnPrivileged
INFO: Could not find stylesheet: file:/home/leelk/Desktop/My%20Pos/layered-pos/out/production/layered-pos/lk/ijse/dep/pos/view/style/mainform.css
Nov 28, 2019 5:54:31 AM com.sun.javafx.css.StyleManager loadStylesheetUnPrivileged
INFO: Could not find stylesheet: file:/home/leelk/Desktop/My%20Pos/layered-pos/out/production/layered-pos/lk/ijse/dep/pos/view/style/managecustomerform.css
